0 info it worked if it ends with ok
1 verbose cli [ '/Users/tlee/.nvm/versions/node/v4.2.1/bin/node',
1 verbose cli   '/Users/tlee/.nvm/versions/node/v4.2.1/bin/npm',
1 verbose cli   'start' ]
2 info using npm@3.5.3
3 info using node@v4.2.1
4 verbose run-script [ 'prestart', 'start', 'poststart' ]
5 info lifecycle cart-api@0.0.0~prestart: cart-api@0.0.0
6 silly lifecycle cart-api@0.0.0~prestart: no script for prestart, continuing
7 info lifecycle cart-api@0.0.0~start: cart-api@0.0.0
8 verbose lifecycle cart-api@0.0.0~start: unsafe-perm in lifecycle true
9 verbose lifecycle cart-api@0.0.0~start: PATH: /Users/tlee/.nvm/versions/node/v4.2.1/lib/node_modules/npm/bin/node-gyp-bin:/Users/tlee/workspace/projects/cart/server/cart-api/node_modules/.bin:/Users/tlee/.nvm/versions/node/v4.2.1/bin:/Users/tlee/bin:/Library/Java/JavaVirtualMachines/jdk1.8.0_121.jdk/Contents/Home/bin:/Users/tlee/workspace/settings/apache-maven-3.3.9/bin:/usr/local/sbin:/usr/local/mysql/bin:/usr/local/bin:/usr/bin:/bin:/usr/sbin:/sbin
10 verbose lifecycle cart-api@0.0.0~start: CWD: /Users/tlee/workspace/projects/cart/server/cart-api
11 silly lifecycle cart-api@0.0.0~start: Args: [ '-c', 'node ./bin/www' ]
12 silly lifecycle cart-api@0.0.0~start: Returned: code: 1  signal: null
13 info lifecycle cart-api@0.0.0~start: Failed to exec start script
14 verbose stack Error: cart-api@0.0.0 start: `node ./bin/www`
14 verbose stack Exit status 1
14 verbose stack     at EventEmitter.<anonymous> (/Users/tlee/.nvm/versions/node/v4.2.1/lib/node_modules/npm/lib/utils/lifecycle.js:232:16)
14 verbose stack     at emitTwo (events.js:87:13)
14 verbose stack     at EventEmitter.emit (events.js:172:7)
14 verbose stack     at ChildProcess.<anonymous> (/Users/tlee/.nvm/versions/node/v4.2.1/lib/node_modules/npm/lib/utils/spawn.js:24:14)
14 verbose stack     at emitTwo (events.js:87:13)
14 verbose stack     at ChildProcess.emit (events.js:172:7)
14 verbose stack     at maybeClose (internal/child_process.js:818:16)
14 verbose stack     at Process.ChildProcess._handle.onexit (internal/child_process.js:211:5)
15 verbose pkgid cart-api@0.0.0
16 verbose cwd /Users/tlee/workspace/projects/cart/server/cart-api
17 error Darwin 15.6.0
18 error argv "/Users/tlee/.nvm/versions/node/v4.2.1/bin/node" "/Users/tlee/.nvm/versions/node/v4.2.1/bin/npm" "start"
19 error node v4.2.1
20 error npm  v3.5.3
21 error code ELIFECYCLE
22 error cart-api@0.0.0 start: `node ./bin/www`
22 error Exit status 1
23 error Failed at the cart-api@0.0.0 start script 'node ./bin/www'.
23 error Make sure you have the latest version of node.js and npm installed.
23 error If you do, this is most likely a problem with the cart-api package,
23 error not with npm itself.
23 error Tell the author that this fails on your system:
23 error     node ./bin/www
23 error You can get information on how to open an issue for this project with:
23 error     npm bugs cart-api
23 error Or if that isn't available, you can get their info via:
23 error     npm owner ls cart-api
23 error There is likely additional logging output above.
24 verbose exit [ 1, true ]
